{"/home/runner/work/skele-crew/skele-crew/mcp/social-media-server/index.ts": {"path":"/home/runner/work/skele-crew/skele-crew/mcp/social-media-server/index.ts","all":true,"statementMap":{"0":{"start":{"line":1,"column":0},"end":{"line":1,"column":19}},"15":{"start":{"line":16,"column":0},"end":{"line":16,"column":68}},"16":{"start":{"line":17,"column":0},"end":{"line":17,"column":81}},"17":{"start":{"line":18,"column":0},"end":{"line":18,"column":24}},"19":{"start":{"line":20,"column":0},"end":{"line":20,"column":58}},"20":{"start":{"line":21,"column":0},"end":{"line":21,"column":53}},"21":{"start":{"line":22,"column":0},"end":{"line":22,"column":55}},"22":{"start":{"line":23,"column":0},"end":{"line":23,"column":53}},"28":{"start":{"line":29,"column":0},"end":{"line":29,"column":30}},"29":{"start":{"line":30,"column":0},"end":{"line":30,"column":30}},"30":{"start":{"line":31,"column":0},"end":{"line":31,"column":19}},"31":{"start":{"line":32,"column":0},"end":{"line":32,"column":3}},"37":{"start":{"line":38,"column":0},"end":{"line":38,"column":12}},"38":{"start":{"line":39,"column":0},"end":{"line":39,"column":25}},"39":{"start":{"line":40,"column":0},"end":{"line":40,"column":122}},"40":{"start":{"line":41,"column":0},"end":{"line":41,"column":3}},"41":{"start":{"line":42,"column":0},"end":{"line":42,"column":55}},"42":{"start":{"line":43,"column":0},"end":{"line":43,"column":74}},"43":{"start":{"line":44,"column":0},"end":{"line":44,"column":81}},"44":{"start":{"line":45,"column":0},"end":{"line":45,"column":124}},"45":{"start":{"line":46,"column":0},"end":{"line":46,"column":4}},"46":{"start":{"line":47,"column":0},"end":{"line":47,"column":56}},"47":{"start":{"line":48,"column":0},"end":{"line":48,"column":87}},"49":{"start":{"line":50,"column":0},"end":{"line":50,"column":26}},"50":{"start":{"line":51,"column":0},"end":{"line":51,"column":14}},"51":{"start":{"line":52,"column":0},"end":{"line":52,"column":18}},"52":{"start":{"line":53,"column":0},"end":{"line":53,"column":11}},"53":{"start":{"line":54,"column":0},"end":{"line":54,"column":25}},"54":{"start":{"line":55,"column":0},"end":{"line":55,"column":58}},"55":{"start":{"line":56,"column":0},"end":{"line":56,"column":12}},"56":{"start":{"line":57,"column":0},"end":{"line":57,"column":10}},"57":{"start":{"line":58,"column":0},"end":{"line":58,"column":22}},"58":{"start":{"line":59,"column":0},"end":{"line":59,"column":8}},"59":{"start":{"line":60,"column":0},"end":{"line":60,"column":5}},"61":{"start":{"line":62,"column":0},"end":{"line":62,"column":12}},"62":{"start":{"line":63,"column":0},"end":{"line":63,"column":16}},"63":{"start":{"line":64,"column":0},"end":{"line":64,"column":9}},"64":{"start":{"line":65,"column":0},"end":{"line":65,"column":23}},"65":{"start":{"line":66,"column":0},"end":{"line":66,"column":44}},"66":{"start":{"line":67,"column":0},"end":{"line":67,"column":10}},"67":{"start":{"line":68,"column":0},"end":{"line":68,"column":8}},"68":{"start":{"line":69,"column":0},"end":{"line":69,"column":6}},"69":{"start":{"line":70,"column":0},"end":{"line":70,"column":4}},"70":{"start":{"line":71,"column":0},"end":{"line":71,"column":2}},"76":{"start":{"line":77,"column":0},"end":{"line":77,"column":12}},"77":{"start":{"line":78,"column":0},"end":{"line":78,"column":17}},"78":{"start":{"line":79,"column":0},"end":{"line":79,"column":99}},"79":{"start":{"line":80,"column":0},"end":{"line":80,"column":3}},"80":{"start":{"line":81,"column":0},"end":{"line":81,"column":80}},"81":{"start":{"line":82,"column":0},"end":{"line":82,"column":4}},"82":{"start":{"line":83,"column":0},"end":{"line":83,"column":23}},"83":{"start":{"line":84,"column":0},"end":{"line":84,"column":47}},"85":{"start":{"line":86,"column":0},"end":{"line":86,"column":26}},"86":{"start":{"line":87,"column":0},"end":{"line":87,"column":14}},"87":{"start":{"line":88,"column":0},"end":{"line":88,"column":18}},"88":{"start":{"line":89,"column":0},"end":{"line":89,"column":11}},"89":{"start":{"line":90,"column":0},"end":{"line":90,"column":25}},"90":{"start":{"line":91,"column":0},"end":{"line":91,"column":58}},"91":{"start":{"line":92,"column":0},"end":{"line":92,"column":12}},"92":{"start":{"line":93,"column":0},"end":{"line":93,"column":10}},"93":{"start":{"line":94,"column":0},"end":{"line":94,"column":22}},"94":{"start":{"line":95,"column":0},"end":{"line":95,"column":8}},"95":{"start":{"line":96,"column":0},"end":{"line":96,"column":5}},"97":{"start":{"line":98,"column":0},"end":{"line":98,"column":12}},"98":{"start":{"line":99,"column":0},"end":{"line":99,"column":16}},"99":{"start":{"line":100,"column":0},"end":{"line":100,"column":9}},"100":{"start":{"line":101,"column":0},"end":{"line":101,"column":23}},"101":{"start":{"line":102,"column":0},"end":{"line":102,"column":44}},"102":{"start":{"line":103,"column":0},"end":{"line":103,"column":10}},"103":{"start":{"line":104,"column":0},"end":{"line":104,"column":8}},"104":{"start":{"line":105,"column":0},"end":{"line":105,"column":6}},"105":{"start":{"line":106,"column":0},"end":{"line":106,"column":4}},"106":{"start":{"line":107,"column":0},"end":{"line":107,"column":2}},"112":{"start":{"line":113,"column":0},"end":{"line":113,"column":12}},"113":{"start":{"line":114,"column":0},"end":{"line":114,"column":18}},"114":{"start":{"line":115,"column":0},"end":{"line":115,"column":64}},"115":{"start":{"line":116,"column":0},"end":{"line":116,"column":3}},"116":{"start":{"line":117,"column":0},"end":{"line":117,"column":54}},"117":{"start":{"line":118,"column":0},"end":{"line":118,"column":17}},"118":{"start":{"line":119,"column":0},"end":{"line":119,"column":56}},"119":{"start":{"line":120,"column":0},"end":{"line":120,"column":17}},"120":{"start":{"line":121,"column":0},"end":{"line":121,"column":24}},"121":{"start":{"line":122,"column":0},"end":{"line":122,"column":35}},"122":{"start":{"line":123,"column":0},"end":{"line":123,"column":4}},"123":{"start":{"line":124,"column":0},"end":{"line":124,"column":37}},"124":{"start":{"line":125,"column":0},"end":{"line":125,"column":62}},"126":{"start":{"line":127,"column":0},"end":{"line":127,"column":26}},"127":{"start":{"line":128,"column":0},"end":{"line":128,"column":14}},"128":{"start":{"line":129,"column":0},"end":{"line":129,"column":18}},"129":{"start":{"line":130,"column":0},"end":{"line":130,"column":11}},"130":{"start":{"line":131,"column":0},"end":{"line":131,"column":25}},"131":{"start":{"line":132,"column":0},"end":{"line":132,"column":58}},"132":{"start":{"line":133,"column":0},"end":{"line":133,"column":12}},"133":{"start":{"line":134,"column":0},"end":{"line":134,"column":10}},"134":{"start":{"line":135,"column":0},"end":{"line":135,"column":22}},"135":{"start":{"line":136,"column":0},"end":{"line":136,"column":8}},"136":{"start":{"line":137,"column":0},"end":{"line":137,"column":5}},"138":{"start":{"line":139,"column":0},"end":{"line":139,"column":12}},"139":{"start":{"line":140,"column":0},"end":{"line":140,"column":16}},"140":{"start":{"line":141,"column":0},"end":{"line":141,"column":9}},"141":{"start":{"line":142,"column":0},"end":{"line":142,"column":23}},"142":{"start":{"line":143,"column":0},"end":{"line":143,"column":44}},"143":{"start":{"line":144,"column":0},"end":{"line":144,"column":10}},"144":{"start":{"line":145,"column":0},"end":{"line":145,"column":8}},"145":{"start":{"line":146,"column":0},"end":{"line":146,"column":6}},"146":{"start":{"line":147,"column":0},"end":{"line":147,"column":4}},"147":{"start":{"line":148,"column":0},"end":{"line":148,"column":2}},"153":{"start":{"line":154,"column":0},"end":{"line":154,"column":12}},"154":{"start":{"line":155,"column":0},"end":{"line":155,"column":18}},"155":{"start":{"line":156,"column":0},"end":{"line":156,"column":3}},"156":{"start":{"line":157,"column":0},"end":{"line":157,"column":53}},"157":{"start":{"line":158,"column":0},"end":{"line":158,"column":105}},"158":{"start":{"line":159,"column":0},"end":{"line":159,"column":110}},"159":{"start":{"line":160,"column":0},"end":{"line":160,"column":14}},"160":{"start":{"line":161,"column":0},"end":{"line":161,"column":3}},"161":{"start":{"line":162,"column":0},"end":{"line":162,"column":87}},"162":{"start":{"line":163,"column":0},"end":{"line":163,"column":52}},"163":{"start":{"line":164,"column":0},"end":{"line":164,"column":61}},"164":{"start":{"line":165,"column":0},"end":{"line":165,"column":14}},"165":{"start":{"line":166,"column":0},"end":{"line":166,"column":16}},"166":{"start":{"line":167,"column":0},"end":{"line":167,"column":17}},"167":{"start":{"line":168,"column":0},"end":{"line":168,"column":21}},"168":{"start":{"line":169,"column":0},"end":{"line":169,"column":97}},"169":{"start":{"line":170,"column":0},"end":{"line":170,"column":4}},"170":{"start":{"line":171,"column":0},"end":{"line":171,"column":50}},"171":{"start":{"line":172,"column":0},"end":{"line":172,"column":75}},"173":{"start":{"line":174,"column":0},"end":{"line":174,"column":26}},"174":{"start":{"line":175,"column":0},"end":{"line":175,"column":14}},"175":{"start":{"line":176,"column":0},"end":{"line":176,"column":18}},"176":{"start":{"line":177,"column":0},"end":{"line":177,"column":11}},"177":{"start":{"line":178,"column":0},"end":{"line":178,"column":25}},"178":{"start":{"line":179,"column":0},"end":{"line":179,"column":58}},"179":{"start":{"line":180,"column":0},"end":{"line":180,"column":12}},"180":{"start":{"line":181,"column":0},"end":{"line":181,"column":10}},"181":{"start":{"line":182,"column":0},"end":{"line":182,"column":22}},"182":{"start":{"line":183,"column":0},"end":{"line":183,"column":8}},"183":{"start":{"line":184,"column":0},"end":{"line":184,"column":5}},"185":{"start":{"line":186,"column":0},"end":{"line":186,"column":12}},"186":{"start":{"line":187,"column":0},"end":{"line":187,"column":16}},"187":{"start":{"line":188,"column":0},"end":{"line":188,"column":9}},"188":{"start":{"line":189,"column":0},"end":{"line":189,"column":23}},"189":{"start":{"line":190,"column":0},"end":{"line":190,"column":44}},"190":{"start":{"line":191,"column":0},"end":{"line":191,"column":10}},"191":{"start":{"line":192,"column":0},"end":{"line":192,"column":8}},"192":{"start":{"line":193,"column":0},"end":{"line":193,"column":6}},"193":{"start":{"line":194,"column":0},"end":{"line":194,"column":4}},"194":{"start":{"line":195,"column":0},"end":{"line":195,"column":2}},"200":{"start":{"line":201,"column":0},"end":{"line":201,"column":45}},"201":{"start":{"line":202,"column":0},"end":{"line":202,"column":32}}},"s":{"0":0,"15":0,"16":0,"17":0,"19":0,"20":0,"21":0,"22":0,"28":0,"29":0,"30":0,"31":0,"37":0,"38":0,"39":0,"40":0,"41":0,"42":0,"43":0,"44":0,"45":0,"46":0,"47":0,"49":0,"50":0,"51":0,"52":0,"53":0,"54":0,"55":0,"56":0,"57":0,"58":0,"59":0,"61":0,"62":0,"63":0,"64":0,"65":0,"66":0,"67":0,"68":0,"69":0,"70":0,"76":0,"77":0,"78":0,"79":0,"80":0,"81":0,"82":0,"83":0,"85":0,"86":0,"87":0,"88":0,"89":0,"90":0,"91":0,"92":0,"93":0,"94":0,"95":0,"97":0,"98":0,"99":0,"100":0,"101":0,"102":0,"103":0,"104":0,"105":0,"106":0,"112":0,"113":0,"114":0,"115":0,"116":0,"117":0,"118":0,"119":0,"120":0,"121":0,"122":0,"123":0,"124":0,"126":0,"127":0,"128":0,"129":0,"130":0,"131":0,"132":0,"133":0,"134":0,"135":0,"136":0,"138":0,"139":0,"140":0,"141":0,"142":0,"143":0,"144":0,"145":0,"146":0,"147":0,"153":0,"154":0,"155":0,"156":0,"157":0,"158":0,"159":0,"160":0,"161":0,"162":0,"163":0,"164":0,"165":0,"166":0,"167":0,"168":0,"169":0,"170":0,"171":0,"173":0,"174":0,"175":0,"176":0,"177":0,"178":0,"179":0,"180":0,"181":0,"182":0,"183":0,"185":0,"186":0,"187":0,"188":0,"189":0,"190":0,"191":0,"192":0,"193":0,"194":0,"200":0,"201":0},"branchMap":{"0":{"type":"branch","line":1,"loc":{"start":{"line":1,"column":5767},"end":{"line":202,"column":32}},"locations":[{"start":{"line":1,"column":5767},"end":{"line":202,"column":32}}]}},"b":{"0":[0]},"fnMap":{"0":{"name":"(empty-report)","decl":{"start":{"line":1,"column":5767},"end":{"line":202,"column":32}},"loc":{"start":{"line":1,"column":5767},"end":{"line":202,"column":32}},"line":1}},"f":{"0":0}}
,"/home/runner/work/skele-crew/skele-crew/mcp/social-media-server/vitest.config.ts": {"path":"/home/runner/work/skele-crew/skele-crew/mcp/social-media-server/vitest.config.ts","all":true,"statementMap":{"0":{"start":{"line":1,"column":0},"end":{"line":1,"column":45}},"2":{"start":{"line":3,"column":0},"end":{"line":3,"column":29}},"3":{"start":{"line":4,"column":0},"end":{"line":4,"column":9}},"4":{"start":{"line":5,"column":0},"end":{"line":5,"column":18}},"5":{"start":{"line":6,"column":0},"end":{"line":6,"column":24}},"6":{"start":{"line":7,"column":0},"end":{"line":7,"column":43}},"7":{"start":{"line":8,"column":0},"end":{"line":8,"column":15}},"8":{"start":{"line":9,"column":0},"end":{"line":9,"column":21}},"9":{"start":{"line":10,"column":0},"end":{"line":10,"column":27}},"10":{"start":{"line":11,"column":0},"end":{"line":11,"column":49}},"11":{"start":{"line":12,"column":0},"end":{"line":12,"column":6}},"12":{"start":{"line":13,"column":0},"end":{"line":13,"column":4}},"13":{"start":{"line":14,"column":0},"end":{"line":14,"column":3}}},"s":{"0":0,"2":0,"3":0,"4":0,"5":0,"6":0,"7":0,"8":0,"9":0,"10":0,"11":0,"12":0,"13":0},"branchMap":{"0":{"type":"branch","line":1,"loc":{"start":{"line":1,"column":0},"end":{"line":14,"column":-96}},"locations":[{"start":{"line":1,"column":0},"end":{"line":14,"column":-96}}]}},"b":{"0":[0]},"fnMap":{"0":{"name":"(empty-report)","decl":{"start":{"line":1,"column":0},"end":{"line":14,"column":-96}},"loc":{"start":{"line":1,"column":0},"end":{"line":14,"column":-96}},"line":1}},"f":{"0":0}}
,"/home/runner/work/skele-crew/skele-crew/mcp/social-media-server/platforms/bluesky.ts": {"path":"/home/runner/work/skele-crew/skele-crew/mcp/social-media-server/platforms/bluesky.ts","all":false,"statementMap":{"8":{"start":{"line":9,"column":0},"end":{"line":9,"column":49}},"9":{"start":{"line":10,"column":0},"end":{"line":10,"column":28}},"37":{"start":{"line":38,"column":0},"end":{"line":38,"column":92}},"38":{"start":{"line":39,"column":0},"end":{"line":39,"column":85}},"39":{"start":{"line":40,"column":0},"end":{"line":40,"column":19}},"40":{"start":{"line":41,"column":0},"end":{"line":41,"column":52}},"41":{"start":{"line":42,"column":0},"end":{"line":42,"column":64}},"42":{"start":{"line":43,"column":0},"end":{"line":43,"column":5}},"44":{"start":{"line":45,"column":0},"end":{"line":45,"column":21}},"45":{"start":{"line":46,"column":0},"end":{"line":46,"column":23}},"46":{"start":{"line":47,"column":0},"end":{"line":47,"column":69}},"47":{"start":{"line":48,"column":0},"end":{"line":48,"column":101}},"48":{"start":{"line":49,"column":0},"end":{"line":49,"column":3}},"50":{"start":{"line":51,"column":0},"end":{"line":51,"column":51}},"51":{"start":{"line":52,"column":0},"end":{"line":52,"column":14}},"52":{"start":{"line":53,"column":0},"end":{"line":53,"column":1}},"58":{"start":{"line":59,"column":0},"end":{"line":59,"column":34}},"59":{"start":{"line":60,"column":0},"end":{"line":60,"column":28}},"60":{"start":{"line":61,"column":0},"end":{"line":61,"column":60}},"61":{"start":{"line":62,"column":0},"end":{"line":62,"column":63}},"62":{"start":{"line":63,"column":0},"end":{"line":63,"column":33}},"63":{"start":{"line":64,"column":0},"end":{"line":64,"column":20}},"64":{"start":{"line":65,"column":0},"end":{"line":65,"column":12}},"65":{"start":{"line":66,"column":0},"end":{"line":66,"column":21}},"66":{"start":{"line":67,"column":0},"end":{"line":67,"column":85}},"67":{"start":{"line":68,"column":0},"end":{"line":68,"column":6}},"68":{"start":{"line":69,"column":0},"end":{"line":69,"column":3}},"69":{"start":{"line":70,"column":0},"end":{"line":70,"column":21}},"70":{"start":{"line":71,"column":0},"end":{"line":71,"column":12}},"71":{"start":{"line":72,"column":0},"end":{"line":72,"column":21}},"72":{"start":{"line":73,"column":0},"end":{"line":73,"column":87}},"73":{"start":{"line":74,"column":0},"end":{"line":74,"column":6}},"74":{"start":{"line":75,"column":0},"end":{"line":75,"column":3}},"76":{"start":{"line":77,"column":0},"end":{"line":77,"column":53}},"78":{"start":{"line":79,"column":0},"end":{"line":79,"column":26}},"79":{"start":{"line":80,"column":0},"end":{"line":80,"column":7}},"80":{"start":{"line":81,"column":0},"end":{"line":81,"column":59}},"81":{"start":{"line":82,"column":0},"end":{"line":82,"column":17}},"82":{"start":{"line":83,"column":0},"end":{"line":83,"column":12}},"83":{"start":{"line":84,"column":0},"end":{"line":84,"column":21}},"84":{"start":{"line":85,"column":0},"end":{"line":85,"column":14}},"85":{"start":{"line":86,"column":0},"end":{"line":86,"column":64}},"86":{"start":{"line":87,"column":0},"end":{"line":87,"column":18}},"87":{"start":{"line":88,"column":0},"end":{"line":88,"column":8}},"88":{"start":{"line":89,"column":0},"end":{"line":89,"column":6}},"89":{"start":{"line":90,"column":0},"end":{"line":90,"column":3}},"91":{"start":{"line":92,"column":0},"end":{"line":92,"column":18}},"92":{"start":{"line":93,"column":0},"end":{"line":93,"column":32}},"93":{"start":{"line":94,"column":0},"end":{"line":94,"column":9}},"94":{"start":{"line":95,"column":0},"end":{"line":95,"column":40}},"95":{"start":{"line":96,"column":0},"end":{"line":96,"column":4}},"97":{"start":{"line":98,"column":0},"end":{"line":98,"column":25}},"98":{"start":{"line":99,"column":0},"end":{"line":99,"column":7}},"99":{"start":{"line":100,"column":0},"end":{"line":100,"column":78}},"100":{"start":{"line":101,"column":0},"end":{"line":101,"column":21}},"101":{"start":{"line":102,"column":0},"end":{"line":102,"column":16}},"102":{"start":{"line":103,"column":0},"end":{"line":103,"column":43}},"103":{"start":{"line":104,"column":0},"end":{"line":104,"column":55}},"104":{"start":{"line":105,"column":0},"end":{"line":105,"column":8}},"105":{"start":{"line":106,"column":0},"end":{"line":106,"column":28}},"106":{"start":{"line":107,"column":0},"end":{"line":107,"column":26}},"107":{"start":{"line":108,"column":0},"end":{"line":108,"column":41}},"108":{"start":{"line":109,"column":0},"end":{"line":109,"column":15}},"109":{"start":{"line":110,"column":0},"end":{"line":110,"column":9}},"110":{"start":{"line":111,"column":0},"end":{"line":111,"column":7}},"111":{"start":{"line":112,"column":0},"end":{"line":112,"column":17}},"112":{"start":{"line":113,"column":0},"end":{"line":113,"column":12}},"113":{"start":{"line":114,"column":0},"end":{"line":114,"column":21}},"114":{"start":{"line":115,"column":0},"end":{"line":115,"column":14}},"115":{"start":{"line":116,"column":0},"end":{"line":116,"column":84}},"116":{"start":{"line":117,"column":0},"end":{"line":117,"column":18}},"117":{"start":{"line":118,"column":0},"end":{"line":118,"column":8}},"118":{"start":{"line":119,"column":0},"end":{"line":119,"column":6}},"119":{"start":{"line":120,"column":0},"end":{"line":120,"column":3}},"121":{"start":{"line":122,"column":0},"end":{"line":122,"column":21}},"122":{"start":{"line":123,"column":0},"end":{"line":123,"column":23}},"123":{"start":{"line":124,"column":0},"end":{"line":124,"column":69}},"124":{"start":{"line":125,"column":0},"end":{"line":125,"column":12}},"125":{"start":{"line":126,"column":0},"end":{"line":126,"column":21}},"126":{"start":{"line":127,"column":0},"end":{"line":127,"column":82}},"127":{"start":{"line":128,"column":0},"end":{"line":128,"column":6}},"128":{"start":{"line":129,"column":0},"end":{"line":129,"column":3}},"130":{"start":{"line":131,"column":0},"end":{"line":131,"column":58}},"131":{"start":{"line":132,"column":0},"end":{"line":132,"column":33}},"132":{"start":{"line":133,"column":0},"end":{"line":133,"column":1}}},"s":{"8":1,"9":1,"37":3,"38":3,"39":3,"40":3,"41":3,"42":3,"44":3,"45":1,"46":1,"47":1,"48":1,"50":2,"51":2,"52":2,"58":5,"59":5,"60":5,"61":5,"62":5,"63":5,"64":1,"65":1,"66":1,"67":1,"68":1,"69":5,"70":1,"71":1,"72":1,"73":1,"74":1,"76":3,"78":3,"79":3,"80":3,"81":5,"82":1,"83":1,"84":1,"85":1,"86":1,"87":1,"88":1,"89":1,"91":2,"92":2,"93":2,"94":2,"95":2,"97":2,"98":2,"99":2,"100":2,"101":2,"102":2,"103":2,"104":2,"105":2,"106":2,"107":2,"108":2,"109":2,"110":2,"111":5,"112":0,"113":0,"114":0,"115":0,"116":0,"117":0,"118":0,"119":0,"121":5,"122":0,"123":0,"124":0,"125":0,"126":0,"127":0,"128":0,"130":2,"131":2,"132":2},"branchMap":{"0":{"type":"branch","line":38,"loc":{"start":{"line":38,"column":0},"end":{"line":53,"column":1}},"locations":[{"start":{"line":38,"column":0},"end":{"line":53,"column":1}}]},"1":{"type":"branch","line":45,"loc":{"start":{"line":45,"column":20},"end":{"line":49,"column":3}},"locations":[{"start":{"line":45,"column":20},"end":{"line":49,"column":3}}]},"2":{"type":"branch","line":47,"loc":{"start":{"line":47,"column":45},"end":{"line":47,"column":69}},"locations":[{"start":{"line":47,"column":45},"end":{"line":47,"column":69}}]},"3":{"type":"branch","line":48,"loc":{"start":{"line":48,"column":65},"end":{"line":48,"column":97}},"locations":[{"start":{"line":48,"column":65},"end":{"line":48,"column":97}}]},"4":{"type":"branch","line":49,"loc":{"start":{"line":49,"column":2},"end":{"line":53,"column":1}},"locations":[{"start":{"line":49,"column":2},"end":{"line":53,"column":1}}]},"5":{"type":"branch","line":59,"loc":{"start":{"line":59,"column":0},"end":{"line":133,"column":1}},"locations":[{"start":{"line":59,"column":0},"end":{"line":133,"column":1}}]},"6":{"type":"branch","line":61,"loc":{"start":{"line":61,"column":52},"end":{"line":61,"column":60}},"locations":[{"start":{"line":61,"column":52},"end":{"line":61,"column":60}}]},"7":{"type":"branch","line":62,"loc":{"start":{"line":62,"column":55},"end":{"line":62,"column":63}},"locations":[{"start":{"line":62,"column":55},"end":{"line":62,"column":63}}]},"8":{"type":"branch","line":64,"loc":{"start":{"line":64,"column":19},"end":{"line":69,"column":3}},"locations":[{"start":{"line":64,"column":19},"end":{"line":69,"column":3}}]},"9":{"type":"branch","line":69,"loc":{"start":{"line":69,"column":2},"end":{"line":70,"column":20}},"locations":[{"start":{"line":69,"column":2},"end":{"line":70,"column":20}}]},"10":{"type":"branch","line":70,"loc":{"start":{"line":70,"column":20},"end":{"line":75,"column":3}},"locations":[{"start":{"line":70,"column":20},"end":{"line":75,"column":3}}]},"11":{"type":"branch","line":75,"loc":{"start":{"line":75,"column":2},"end":{"line":81,"column":59}},"locations":[{"start":{"line":75,"column":2},"end":{"line":81,"column":59}}]},"12":{"type":"branch","line":81,"loc":{"start":{"line":81,"column":57},"end":{"line":82,"column":11}},"locations":[{"start":{"line":81,"column":57},"end":{"line":82,"column":11}}]},"13":{"type":"branch","line":82,"loc":{"start":{"line":82,"column":2},"end":{"line":90,"column":3}},"locations":[{"start":{"line":82,"column":2},"end":{"line":90,"column":3}}]},"14":{"type":"branch","line":86,"loc":{"start":{"line":86,"column":42},"end":{"line":86,"column":64}},"locations":[{"start":{"line":86,"column":42},"end":{"line":86,"column":64}}]},"15":{"type":"branch","line":90,"loc":{"start":{"line":90,"column":2},"end":{"line":112,"column":11}},"locations":[{"start":{"line":90,"column":2},"end":{"line":112,"column":11}}]},"16":{"type":"branch","line":112,"loc":{"start":{"line":112,"column":2},"end":{"line":120,"column":3}},"locations":[{"start":{"line":112,"column":2},"end":{"line":120,"column":3}}]},"17":{"type":"branch","line":120,"loc":{"start":{"line":120,"column":2},"end":{"line":122,"column":20}},"locations":[{"start":{"line":120,"column":2},"end":{"line":122,"column":20}}]},"18":{"type":"branch","line":122,"loc":{"start":{"line":122,"column":20},"end":{"line":129,"column":3}},"locations":[{"start":{"line":122,"column":20},"end":{"line":129,"column":3}}]},"19":{"type":"branch","line":129,"loc":{"start":{"line":129,"column":2},"end":{"line":133,"column":1}},"locations":[{"start":{"line":129,"column":2},"end":{"line":133,"column":1}}]}},"b":{"0":[3],"1":[1],"2":[0],"3":[0],"4":[2],"5":[5],"6":[0],"7":[0],"8":[1],"9":[4],"10":[1],"11":[3],"12":[2],"13":[1],"14":[0],"15":[2],"16":[0],"17":[2],"18":[0],"19":[2]},"fnMap":{"0":{"name":"createSession","decl":{"start":{"line":38,"column":0},"end":{"line":53,"column":1}},"loc":{"start":{"line":38,"column":0},"end":{"line":53,"column":1}},"line":38},"1":{"name":"blueskyPost","decl":{"start":{"line":59,"column":0},"end":{"line":133,"column":1}},"loc":{"start":{"line":59,"column":0},"end":{"line":133,"column":1}},"line":59}},"f":{"0":3,"1":5}}
,"/home/runner/work/skele-crew/skele-crew/mcp/social-media-server/platforms/devto.ts": {"path":"/home/runner/work/skele-crew/skele-crew/mcp/social-media-server/platforms/devto.ts","all":false,"statementMap":{"31":{"start":{"line":32,"column":0},"end":{"line":32,"column":44}},"37":{"start":{"line":38,"column":0},"end":{"line":38,"column":41}},"38":{"start":{"line":39,"column":0},"end":{"line":39,"column":29}},"39":{"start":{"line":40,"column":0},"end":{"line":40,"column":54}},"40":{"start":{"line":41,"column":0},"end":{"line":41,"column":31}},"41":{"start":{"line":42,"column":0},"end":{"line":42,"column":16}},"42":{"start":{"line":43,"column":0},"end":{"line":43,"column":12}},"43":{"start":{"line":44,"column":0},"end":{"line":44,"column":21}},"44":{"start":{"line":45,"column":0},"end":{"line":45,"column":83}},"45":{"start":{"line":46,"column":0},"end":{"line":46,"column":6}},"46":{"start":{"line":47,"column":0},"end":{"line":47,"column":3}},"48":{"start":{"line":49,"column":0},"end":{"line":49,"column":19}},"49":{"start":{"line":50,"column":0},"end":{"line":50,"column":14}},"50":{"start":{"line":51,"column":0},"end":{"line":51,"column":26}},"51":{"start":{"line":52,"column":0},"end":{"line":52,"column":42}},"52":{"start":{"line":53,"column":0},"end":{"line":53,"column":30}},"53":{"start":{"line":54,"column":0},"end":{"line":54,"column":43}},"54":{"start":{"line":55,"column":0},"end":{"line":55,"column":6}},"55":{"start":{"line":56,"column":0},"end":{"line":56,"column":4}},"57":{"start":{"line":58,"column":0},"end":{"line":58,"column":25}},"58":{"start":{"line":59,"column":0},"end":{"line":59,"column":7}},"59":{"start":{"line":60,"column":0},"end":{"line":60,"column":58}},"60":{"start":{"line":61,"column":0},"end":{"line":61,"column":21}},"61":{"start":{"line":62,"column":0},"end":{"line":62,"column":16}},"62":{"start":{"line":63,"column":0},"end":{"line":63,"column":43}},"63":{"start":{"line":64,"column":0},"end":{"line":64,"column":26}},"64":{"start":{"line":65,"column":0},"end":{"line":65,"column":8}},"65":{"start":{"line":66,"column":0},"end":{"line":66,"column":36}},"66":{"start":{"line":67,"column":0},"end":{"line":67,"column":7}},"67":{"start":{"line":68,"column":0},"end":{"line":68,"column":17}},"68":{"start":{"line":69,"column":0},"end":{"line":69,"column":12}},"69":{"start":{"line":70,"column":0},"end":{"line":70,"column":21}},"70":{"start":{"line":71,"column":0},"end":{"line":71,"column":14}},"71":{"start":{"line":72,"column":0},"end":{"line":72,"column":84}},"72":{"start":{"line":73,"column":0},"end":{"line":73,"column":18}},"73":{"start":{"line":74,"column":0},"end":{"line":74,"column":8}},"74":{"start":{"line":75,"column":0},"end":{"line":75,"column":6}},"75":{"start":{"line":76,"column":0},"end":{"line":76,"column":3}},"77":{"start":{"line":78,"column":0},"end":{"line":78,"column":21}},"78":{"start":{"line":79,"column":0},"end":{"line":79,"column":23}},"79":{"start":{"line":80,"column":0},"end":{"line":80,"column":9}},"80":{"start":{"line":81,"column":0},"end":{"line":81,"column":40}},"81":{"start":{"line":82,"column":0},"end":{"line":82,"column":13}},"83":{"start":{"line":84,"column":0},"end":{"line":84,"column":5}},"84":{"start":{"line":85,"column":0},"end":{"line":85,"column":12}},"85":{"start":{"line":86,"column":0},"end":{"line":86,"column":21}},"86":{"start":{"line":87,"column":0},"end":{"line":87,"column":82}},"87":{"start":{"line":88,"column":0},"end":{"line":88,"column":6}},"88":{"start":{"line":89,"column":0},"end":{"line":89,"column":3}},"90":{"start":{"line":91,"column":0},"end":{"line":91,"column":20}},"91":{"start":{"line":92,"column":0},"end":{"line":92,"column":7}},"92":{"start":{"line":93,"column":0},"end":{"line":93,"column":33}},"93":{"start":{"line":94,"column":0},"end":{"line":94,"column":17}},"94":{"start":{"line":95,"column":0},"end":{"line":95,"column":12}},"95":{"start":{"line":96,"column":0},"end":{"line":96,"column":21}},"96":{"start":{"line":97,"column":0},"end":{"line":97,"column":14}},"97":{"start":{"line":98,"column":0},"end":{"line":98,"column":100}},"98":{"start":{"line":99,"column":0},"end":{"line":99,"column":32}},"99":{"start":{"line":100,"column":0},"end":{"line":100,"column":8}},"100":{"start":{"line":101,"column":0},"end":{"line":101,"column":6}},"101":{"start":{"line":102,"column":0},"end":{"line":102,"column":3}},"103":{"start":{"line":104,"column":0},"end":{"line":104,"column":42}},"104":{"start":{"line":105,"column":0},"end":{"line":105,"column":33}},"105":{"start":{"line":106,"column":0},"end":{"line":106,"column":1}}},"s":{"31":1,"37":5,"38":5,"39":5,"40":5,"41":5,"42":1,"43":1,"44":1,"45":1,"46":1,"48":4,"49":4,"50":4,"51":4,"52":4,"53":5,"54":5,"55":5,"57":5,"58":5,"59":5,"60":5,"61":5,"62":5,"63":5,"64":5,"65":5,"66":5,"67":5,"68":1,"69":1,"70":1,"71":1,"72":1,"73":1,"74":1,"75":1,"77":5,"78":1,"79":1,"80":1,"81":1,"83":0,"84":1,"85":1,"86":1,"87":1,"88":1,"90":2,"91":2,"92":2,"93":5,"94":0,"95":0,"96":0,"97":0,"98":0,"99":0,"100":0,"101":0,"103":2,"104":2,"105":2},"branchMap":{"0":{"type":"branch","line":38,"loc":{"start":{"line":38,"column":0},"end":{"line":106,"column":1}},"locations":[{"start":{"line":38,"column":0},"end":{"line":106,"column":1}}]},"1":{"type":"branch","line":40,"loc":{"start":{"line":40,"column":46},"end":{"line":40,"column":54}},"locations":[{"start":{"line":40,"column":46},"end":{"line":40,"column":54}}]},"2":{"type":"branch","line":42,"loc":{"start":{"line":42,"column":15},"end":{"line":47,"column":3}},"locations":[{"start":{"line":42,"column":15},"end":{"line":47,"column":3}}]},"3":{"type":"branch","line":47,"loc":{"start":{"line":47,"column":2},"end":{"line":53,"column":30}},"locations":[{"start":{"line":47,"column":2},"end":{"line":53,"column":30}}]},"4":{"type":"branch","line":54,"loc":{"start":{"line":54,"column":24},"end":{"line":54,"column":43}},"locations":[{"start":{"line":54,"column":24},"end":{"line":54,"column":43}}]},"5":{"type":"branch","line":67,"loc":{"start":{"line":67,"column":5},"end":{"line":68,"column":11}},"locations":[{"start":{"line":67,"column":5},"end":{"line":68,"column":11}}]},"6":{"type":"branch","line":68,"loc":{"start":{"line":68,"column":2},"end":{"line":76,"column":3}},"locations":[{"start":{"line":68,"column":2},"end":{"line":76,"column":3}}]},"7":{"type":"branch","line":72,"loc":{"start":{"line":72,"column":60},"end":{"line":72,"column":81}},"locations":[{"start":{"line":72,"column":60},"end":{"line":72,"column":81}}]},"8":{"type":"branch","line":76,"loc":{"start":{"line":76,"column":2},"end":{"line":78,"column":20}},"locations":[{"start":{"line":76,"column":2},"end":{"line":78,"column":20}}]},"9":{"type":"branch","line":78,"loc":{"start":{"line":78,"column":20},"end":{"line":89,"column":3}},"locations":[{"start":{"line":78,"column":20},"end":{"line":89,"column":3}}]},"10":{"type":"branch","line":82,"loc":{"start":{"line":82,"column":4},"end":{"line":84,"column":5}},"locations":[{"start":{"line":82,"column":4},"end":{"line":84,"column":5}}]},"11":{"type":"branch","line":87,"loc":{"start":{"line":87,"column":22},"end":{"line":87,"column":56}},"locations":[{"start":{"line":87,"column":22},"end":{"line":87,"column":56}}]},"12":{"type":"branch","line":89,"loc":{"start":{"line":89,"column":2},"end":{"line":94,"column":11}},"locations":[{"start":{"line":89,"column":2},"end":{"line":94,"column":11}}]},"13":{"type":"branch","line":94,"loc":{"start":{"line":94,"column":2},"end":{"line":102,"column":3}},"locations":[{"start":{"line":94,"column":2},"end":{"line":102,"column":3}}]},"14":{"type":"branch","line":102,"loc":{"start":{"line":102,"column":2},"end":{"line":106,"column":1}},"locations":[{"start":{"line":102,"column":2},"end":{"line":106,"column":1}}]}},"b":{"0":[5],"1":[0],"2":[1],"3":[4],"4":[3],"5":[3],"6":[1],"7":[0],"8":[3],"9":[1],"10":[0],"11":[0],"12":[2],"13":[0],"14":[2]},"fnMap":{"0":{"name":"devtoCreateArticle","decl":{"start":{"line":38,"column":0},"end":{"line":106,"column":1}},"loc":{"start":{"line":38,"column":0},"end":{"line":106,"column":1}},"line":38}},"f":{"0":5}}
,"/home/runner/work/skele-crew/skele-crew/mcp/social-media-server/platforms/mastodon.ts": {"path":"/home/runner/work/skele-crew/skele-crew/mcp/social-media-server/platforms/mastodon.ts","all":false,"statementMap":{"34":{"start":{"line":35,"column":0},"end":{"line":35,"column":35}},"35":{"start":{"line":36,"column":0},"end":{"line":36,"column":29}},"36":{"start":{"line":37,"column":0},"end":{"line":37,"column":67}},"37":{"start":{"line":38,"column":0},"end":{"line":38,"column":67}},"38":{"start":{"line":39,"column":0},"end":{"line":39,"column":34}},"39":{"start":{"line":40,"column":0},"end":{"line":40,"column":21}},"40":{"start":{"line":41,"column":0},"end":{"line":41,"column":12}},"41":{"start":{"line":42,"column":0},"end":{"line":42,"column":21}},"42":{"start":{"line":43,"column":0},"end":{"line":43,"column":91}},"43":{"start":{"line":44,"column":0},"end":{"line":44,"column":6}},"44":{"start":{"line":45,"column":0},"end":{"line":45,"column":3}},"45":{"start":{"line":46,"column":0},"end":{"line":46,"column":21}},"46":{"start":{"line":47,"column":0},"end":{"line":47,"column":12}},"47":{"start":{"line":48,"column":0},"end":{"line":48,"column":21}},"48":{"start":{"line":49,"column":0},"end":{"line":49,"column":91}},"49":{"start":{"line":50,"column":0},"end":{"line":50,"column":6}},"50":{"start":{"line":51,"column":0},"end":{"line":51,"column":3}},"52":{"start":{"line":53,"column":0},"end":{"line":53,"column":46}},"54":{"start":{"line":55,"column":0},"end":{"line":55,"column":25}},"55":{"start":{"line":56,"column":0},"end":{"line":56,"column":7}},"56":{"start":{"line":57,"column":0},"end":{"line":57,"column":55}},"57":{"start":{"line":58,"column":0},"end":{"line":58,"column":21}},"58":{"start":{"line":59,"column":0},"end":{"line":59,"column":16}},"59":{"start":{"line":60,"column":0},"end":{"line":60,"column":43}},"60":{"start":{"line":61,"column":0},"end":{"line":61,"column":49}},"61":{"start":{"line":62,"column":0},"end":{"line":62,"column":8}},"62":{"start":{"line":63,"column":0},"end":{"line":63,"column":28}},"63":{"start":{"line":64,"column":0},"end":{"line":64,"column":30}},"64":{"start":{"line":65,"column":0},"end":{"line":65,"column":50}},"65":{"start":{"line":66,"column":0},"end":{"line":66,"column":9}},"66":{"start":{"line":67,"column":0},"end":{"line":67,"column":7}},"67":{"start":{"line":68,"column":0},"end":{"line":68,"column":17}},"68":{"start":{"line":69,"column":0},"end":{"line":69,"column":12}},"69":{"start":{"line":70,"column":0},"end":{"line":70,"column":21}},"70":{"start":{"line":71,"column":0},"end":{"line":71,"column":14}},"71":{"start":{"line":72,"column":0},"end":{"line":72,"column":84}},"72":{"start":{"line":73,"column":0},"end":{"line":73,"column":18}},"73":{"start":{"line":74,"column":0},"end":{"line":74,"column":8}},"74":{"start":{"line":75,"column":0},"end":{"line":75,"column":6}},"75":{"start":{"line":76,"column":0},"end":{"line":76,"column":3}},"77":{"start":{"line":78,"column":0},"end":{"line":78,"column":21}},"78":{"start":{"line":79,"column":0},"end":{"line":79,"column":23}},"79":{"start":{"line":80,"column":0},"end":{"line":80,"column":69}},"80":{"start":{"line":81,"column":0},"end":{"line":81,"column":12}},"81":{"start":{"line":82,"column":0},"end":{"line":82,"column":21}},"82":{"start":{"line":83,"column":0},"end":{"line":83,"column":82}},"83":{"start":{"line":84,"column":0},"end":{"line":84,"column":6}},"84":{"start":{"line":85,"column":0},"end":{"line":85,"column":3}},"86":{"start":{"line":87,"column":0},"end":{"line":87,"column":61}},"87":{"start":{"line":88,"column":0},"end":{"line":88,"column":33}},"88":{"start":{"line":89,"column":0},"end":{"line":89,"column":1}}},"s":{"34":5,"35":5,"36":5,"37":5,"38":5,"39":5,"40":1,"41":1,"42":1,"43":1,"44":1,"45":5,"46":1,"47":1,"48":1,"49":1,"50":1,"52":3,"54":3,"55":3,"56":3,"57":3,"58":3,"59":3,"60":3,"61":3,"62":3,"63":3,"64":5,"65":5,"66":5,"67":5,"68":0,"69":0,"70":0,"71":0,"72":0,"73":0,"74":0,"75":0,"77":5,"78":0,"79":0,"80":0,"81":0,"82":0,"83":0,"84":0,"86":3,"87":3,"88":3},"branchMap":{"0":{"type":"branch","line":35,"loc":{"start":{"line":35,"column":0},"end":{"line":89,"column":1}},"locations":[{"start":{"line":35,"column":0},"end":{"line":89,"column":1}}]},"1":{"type":"branch","line":37,"loc":{"start":{"line":37,"column":59},"end":{"line":37,"column":67}},"locations":[{"start":{"line":37,"column":59},"end":{"line":37,"column":67}}]},"2":{"type":"branch","line":38,"loc":{"start":{"line":38,"column":59},"end":{"line":38,"column":67}},"locations":[{"start":{"line":38,"column":59},"end":{"line":38,"column":67}}]},"3":{"type":"branch","line":40,"loc":{"start":{"line":40,"column":20},"end":{"line":45,"column":3}},"locations":[{"start":{"line":40,"column":20},"end":{"line":45,"column":3}}]},"4":{"type":"branch","line":45,"loc":{"start":{"line":45,"column":2},"end":{"line":46,"column":20}},"locations":[{"start":{"line":45,"column":2},"end":{"line":46,"column":20}}]},"5":{"type":"branch","line":46,"loc":{"start":{"line":46,"column":20},"end":{"line":51,"column":3}},"locations":[{"start":{"line":46,"column":20},"end":{"line":51,"column":3}}]},"6":{"type":"branch","line":51,"loc":{"start":{"line":51,"column":2},"end":{"line":65,"column":41}},"locations":[{"start":{"line":51,"column":2},"end":{"line":65,"column":41}}]},"7":{"type":"branch","line":65,"loc":{"start":{"line":65,"column":27},"end":{"line":65,"column":50}},"locations":[{"start":{"line":65,"column":27},"end":{"line":65,"column":50}}]},"8":{"type":"branch","line":67,"loc":{"start":{"line":67,"column":5},"end":{"line":68,"column":11}},"locations":[{"start":{"line":67,"column":5},"end":{"line":68,"column":11}}]},"9":{"type":"branch","line":68,"loc":{"start":{"line":68,"column":2},"end":{"line":76,"column":3}},"locations":[{"start":{"line":68,"column":2},"end":{"line":76,"column":3}}]},"10":{"type":"branch","line":76,"loc":{"start":{"line":76,"column":2},"end":{"line":78,"column":20}},"locations":[{"start":{"line":76,"column":2},"end":{"line":78,"column":20}}]},"11":{"type":"branch","line":78,"loc":{"start":{"line":78,"column":20},"end":{"line":85,"column":3}},"locations":[{"start":{"line":78,"column":20},"end":{"line":85,"column":3}}]},"12":{"type":"branch","line":85,"loc":{"start":{"line":85,"column":2},"end":{"line":89,"column":1}},"locations":[{"start":{"line":85,"column":2},"end":{"line":89,"column":1}}]}},"b":{"0":[5],"1":[0],"2":[0],"3":[1],"4":[4],"5":[1],"6":[3],"7":[2],"8":[3],"9":[0],"10":[3],"11":[0],"12":[3]},"fnMap":{"0":{"name":"mastodonPost","decl":{"start":{"line":35,"column":0},"end":{"line":89,"column":1}},"loc":{"start":{"line":35,"column":0},"end":{"line":89,"column":1}},"line":35}},"f":{"0":5}}
,"/home/runner/work/skele-crew/skele-crew/mcp/social-media-server/platforms/reddit.ts": {"path":"/home/runner/work/skele-crew/skele-crew/mcp/social-media-server/platforms/reddit.ts","all":false,"statementMap":{"48":{"start":{"line":49,"column":0},"end":{"line":49,"column":53}},"49":{"start":{"line":50,"column":0},"end":{"line":50,"column":70}},"56":{"start":{"line":57,"column":0},"end":{"line":57,"column":30}},"57":{"start":{"line":58,"column":0},"end":{"line":58,"column":19}},"58":{"start":{"line":59,"column":0},"end":{"line":59,"column":23}},"59":{"start":{"line":60,"column":0},"end":{"line":60,"column":19}},"60":{"start":{"line":61,"column":0},"end":{"line":61,"column":19}},"61":{"start":{"line":62,"column":0},"end":{"line":62,"column":25}},"62":{"start":{"line":63,"column":0},"end":{"line":63,"column":84}},"63":{"start":{"line":64,"column":0},"end":{"line":64,"column":36}},"64":{"start":{"line":65,"column":0},"end":{"line":65,"column":27}},"65":{"start":{"line":66,"column":0},"end":{"line":66,"column":13}},"66":{"start":{"line":67,"column":0},"end":{"line":67,"column":13}},"67":{"start":{"line":68,"column":0},"end":{"line":68,"column":5}},"69":{"start":{"line":70,"column":0},"end":{"line":70,"column":50}},"70":{"start":{"line":71,"column":0},"end":{"line":71,"column":19}},"71":{"start":{"line":72,"column":0},"end":{"line":72,"column":14}},"72":{"start":{"line":73,"column":0},"end":{"line":73,"column":46}},"73":{"start":{"line":74,"column":0},"end":{"line":74,"column":58}},"74":{"start":{"line":75,"column":0},"end":{"line":75,"column":59}},"75":{"start":{"line":76,"column":0},"end":{"line":76,"column":6}},"76":{"start":{"line":77,"column":0},"end":{"line":77,"column":26}},"77":{"start":{"line":78,"column":0},"end":{"line":78,"column":5}},"79":{"start":{"line":80,"column":0},"end":{"line":80,"column":21}},"80":{"start":{"line":81,"column":0},"end":{"line":81,"column":23}},"81":{"start":{"line":82,"column":0},"end":{"line":82,"column":69}},"82":{"start":{"line":83,"column":0},"end":{"line":83,"column":101}},"83":{"start":{"line":84,"column":0},"end":{"line":84,"column":3}},"85":{"start":{"line":86,"column":0},"end":{"line":86,"column":49}},"86":{"start":{"line":87,"column":0},"end":{"line":87,"column":1}},"93":{"start":{"line":94,"column":0},"end":{"line":94,"column":35}},"94":{"start":{"line":95,"column":0},"end":{"line":95,"column":29}},"95":{"start":{"line":96,"column":0},"end":{"line":96,"column":59}},"96":{"start":{"line":97,"column":0},"end":{"line":97,"column":67}},"97":{"start":{"line":98,"column":0},"end":{"line":98,"column":58}},"98":{"start":{"line":99,"column":0},"end":{"line":99,"column":58}},"99":{"start":{"line":100,"column":0},"end":{"line":100,"column":32}},"101":{"start":{"line":102,"column":0},"end":{"line":102,"column":24}},"102":{"start":{"line":103,"column":0},"end":{"line":103,"column":12}},"103":{"start":{"line":104,"column":0},"end":{"line":104,"column":20}},"104":{"start":{"line":105,"column":0},"end":{"line":105,"column":13}},"105":{"start":{"line":106,"column":0},"end":{"line":106,"column":25}},"106":{"start":{"line":107,"column":0},"end":{"line":107,"column":18}},"107":{"start":{"line":108,"column":0},"end":{"line":108,"column":38}},"108":{"start":{"line":109,"column":0},"end":{"line":109,"column":30}},"109":{"start":{"line":110,"column":0},"end":{"line":110,"column":28}},"110":{"start":{"line":111,"column":0},"end":{"line":111,"column":23}},"111":{"start":{"line":112,"column":0},"end":{"line":112,"column":10}},"112":{"start":{"line":113,"column":0},"end":{"line":113,"column":16}},"113":{"start":{"line":114,"column":0},"end":{"line":114,"column":93}},"115":{"start":{"line":116,"column":0},"end":{"line":116,"column":8}},"116":{"start":{"line":117,"column":0},"end":{"line":117,"column":6}},"117":{"start":{"line":118,"column":0},"end":{"line":118,"column":3}},"119":{"start":{"line":120,"column":0},"end":{"line":120,"column":18}},"120":{"start":{"line":121,"column":0},"end":{"line":121,"column":111}},"121":{"start":{"line":122,"column":0},"end":{"line":122,"column":3}},"122":{"start":{"line":123,"column":0},"end":{"line":123,"column":22}},"123":{"start":{"line":124,"column":0},"end":{"line":124,"column":115}},"124":{"start":{"line":125,"column":0},"end":{"line":125,"column":3}},"125":{"start":{"line":126,"column":0},"end":{"line":126,"column":18}},"126":{"start":{"line":127,"column":0},"end":{"line":127,"column":110}},"127":{"start":{"line":128,"column":0},"end":{"line":128,"column":3}},"128":{"start":{"line":129,"column":0},"end":{"line":129,"column":18}},"129":{"start":{"line":130,"column":0},"end":{"line":130,"column":110}},"130":{"start":{"line":131,"column":0},"end":{"line":131,"column":3}},"132":{"start":{"line":133,"column":0},"end":{"line":133,"column":25}},"133":{"start":{"line":134,"column":0},"end":{"line":134,"column":7}},"134":{"start":{"line":135,"column":0},"end":{"line":135,"column":77}},"135":{"start":{"line":136,"column":0},"end":{"line":136,"column":17}},"136":{"start":{"line":137,"column":0},"end":{"line":137,"column":12}},"137":{"start":{"line":138,"column":0},"end":{"line":138,"column":21}},"138":{"start":{"line":139,"column":0},"end":{"line":139,"column":84}},"139":{"start":{"line":140,"column":0},"end":{"line":140,"column":6}},"140":{"start":{"line":141,"column":0},"end":{"line":141,"column":3}},"142":{"start":{"line":143,"column":0},"end":{"line":143,"column":36}},"143":{"start":{"line":144,"column":0},"end":{"line":144,"column":25}},"144":{"start":{"line":145,"column":0},"end":{"line":145,"column":24}},"145":{"start":{"line":146,"column":0},"end":{"line":146,"column":22}},"146":{"start":{"line":147,"column":0},"end":{"line":147,"column":17}},"147":{"start":{"line":148,"column":0},"end":{"line":148,"column":21}},"148":{"start":{"line":149,"column":0},"end":{"line":149,"column":5}},"150":{"start":{"line":151,"column":0},"end":{"line":151,"column":25}},"151":{"start":{"line":152,"column":0},"end":{"line":152,"column":7}},"152":{"start":{"line":153,"column":0},"end":{"line":153,"column":63}},"153":{"start":{"line":154,"column":0},"end":{"line":154,"column":21}},"154":{"start":{"line":155,"column":0},"end":{"line":155,"column":16}},"155":{"start":{"line":156,"column":0},"end":{"line":156,"column":56}},"156":{"start":{"line":157,"column":0},"end":{"line":157,"column":60}},"157":{"start":{"line":158,"column":0},"end":{"line":158,"column":61}},"158":{"start":{"line":159,"column":0},"end":{"line":159,"column":8}},"159":{"start":{"line":160,"column":0},"end":{"line":160,"column":28}},"160":{"start":{"line":161,"column":0},"end":{"line":161,"column":7}},"161":{"start":{"line":162,"column":0},"end":{"line":162,"column":17}},"162":{"start":{"line":163,"column":0},"end":{"line":163,"column":12}},"163":{"start":{"line":164,"column":0},"end":{"line":164,"column":21}},"164":{"start":{"line":165,"column":0},"end":{"line":165,"column":14}},"165":{"start":{"line":166,"column":0},"end":{"line":166,"column":84}},"166":{"start":{"line":167,"column":0},"end":{"line":167,"column":18}},"167":{"start":{"line":168,"column":0},"end":{"line":168,"column":8}},"168":{"start":{"line":169,"column":0},"end":{"line":169,"column":6}},"169":{"start":{"line":170,"column":0},"end":{"line":170,"column":3}},"171":{"start":{"line":172,"column":0},"end":{"line":172,"column":21}},"172":{"start":{"line":173,"column":0},"end":{"line":173,"column":23}},"173":{"start":{"line":174,"column":0},"end":{"line":174,"column":69}},"174":{"start":{"line":175,"column":0},"end":{"line":175,"column":12}},"175":{"start":{"line":176,"column":0},"end":{"line":176,"column":21}},"176":{"start":{"line":177,"column":0},"end":{"line":177,"column":82}},"177":{"start":{"line":178,"column":0},"end":{"line":178,"column":6}},"178":{"start":{"line":179,"column":0},"end":{"line":179,"column":3}},"183":{"start":{"line":184,"column":0},"end":{"line":184,"column":58}},"184":{"start":{"line":185,"column":0},"end":{"line":185,"column":43}},"185":{"start":{"line":186,"column":0},"end":{"line":186,"column":69}},"186":{"start":{"line":187,"column":0},"end":{"line":187,"column":1}}},"s":{"48":1,"49":1,"56":2,"57":2,"58":2,"59":2,"60":2,"61":2,"62":2,"63":2,"64":2,"65":2,"66":2,"67":2,"69":2,"70":2,"71":2,"72":2,"73":2,"74":2,"75":2,"76":2,"77":2,"79":2,"80":1,"81":1,"82":1,"83":1,"85":1,"86":1,"93":6,"94":6,"95":6,"96":6,"97":6,"98":6,"99":6,"101":6,"102":3,"103":3,"104":3,"105":3,"106":3,"107":3,"108":3,"109":3,"110":3,"111":3,"112":3,"113":3,"115":3,"116":3,"117":3,"119":6,"120":1,"121":1,"122":6,"123":0,"124":0,"125":6,"126":0,"127":0,"128":6,"129":0,"130":0,"132":2,"133":2,"134":2,"135":1,"136":1,"137":1,"138":1,"139":1,"140":1,"142":1,"143":1,"144":1,"145":1,"146":1,"147":1,"148":1,"150":1,"151":1,"152":1,"153":1,"154":1,"155":1,"156":1,"157":1,"158":1,"159":1,"160":1,"161":6,"162":0,"163":0,"164":0,"165":0,"166":0,"167":0,"168":0,"169":0,"171":6,"172":0,"173":0,"174":0,"175":0,"176":0,"177":0,"178":0,"183":1,"184":1,"185":1,"186":1},"branchMap":{"0":{"type":"branch","line":57,"loc":{"start":{"line":57,"column":0},"end":{"line":87,"column":1}},"locations":[{"start":{"line":57,"column":0},"end":{"line":87,"column":1}}]},"1":{"type":"branch","line":80,"loc":{"start":{"line":80,"column":20},"end":{"line":87,"column":1}},"locations":[{"start":{"line":80,"column":20},"end":{"line":87,"column":1}}]},"2":{"type":"branch","line":82,"loc":{"start":{"line":82,"column":45},"end":{"line":82,"column":69}},"locations":[{"start":{"line":82,"column":45},"end":{"line":82,"column":69}}]},"3":{"type":"branch","line":83,"loc":{"start":{"line":83,"column":65},"end":{"line":83,"column":97}},"locations":[{"start":{"line":83,"column":65},"end":{"line":83,"column":97}}]},"4":{"type":"branch","line":94,"loc":{"start":{"line":94,"column":0},"end":{"line":187,"column":1}},"locations":[{"start":{"line":94,"column":0},"end":{"line":187,"column":1}}]},"5":{"type":"branch","line":96,"loc":{"start":{"line":96,"column":51},"end":{"line":96,"column":59}},"locations":[{"start":{"line":96,"column":51},"end":{"line":96,"column":59}}]},"6":{"type":"branch","line":97,"loc":{"start":{"line":97,"column":59},"end":{"line":97,"column":67}},"locations":[{"start":{"line":97,"column":59},"end":{"line":97,"column":67}}]},"7":{"type":"branch","line":98,"loc":{"start":{"line":98,"column":50},"end":{"line":98,"column":58}},"locations":[{"start":{"line":98,"column":50},"end":{"line":98,"column":58}}]},"8":{"type":"branch","line":99,"loc":{"start":{"line":99,"column":50},"end":{"line":99,"column":58}},"locations":[{"start":{"line":99,"column":50},"end":{"line":99,"column":58}}]},"9":{"type":"branch","line":102,"loc":{"start":{"line":102,"column":23},"end":{"line":120,"column":17}},"locations":[{"start":{"line":102,"column":23},"end":{"line":120,"column":17}}]},"10":{"type":"branch","line":120,"loc":{"start":{"line":120,"column":17},"end":{"line":122,"column":3}},"locations":[{"start":{"line":120,"column":17},"end":{"line":122,"column":3}}]},"11":{"type":"branch","line":122,"loc":{"start":{"line":122,"column":2},"end":{"line":123,"column":21}},"locations":[{"start":{"line":122,"column":2},"end":{"line":123,"column":21}}]},"12":{"type":"branch","line":123,"loc":{"start":{"line":123,"column":21},"end":{"line":125,"column":3}},"locations":[{"start":{"line":123,"column":21},"end":{"line":125,"column":3}}]},"13":{"type":"branch","line":125,"loc":{"start":{"line":125,"column":2},"end":{"line":126,"column":17}},"locations":[{"start":{"line":125,"column":2},"end":{"line":126,"column":17}}]},"14":{"type":"branch","line":126,"loc":{"start":{"line":126,"column":17},"end":{"line":128,"column":3}},"locations":[{"start":{"line":126,"column":17},"end":{"line":128,"column":3}}]},"15":{"type":"branch","line":128,"loc":{"start":{"line":128,"column":2},"end":{"line":129,"column":17}},"locations":[{"start":{"line":128,"column":2},"end":{"line":129,"column":17}}]},"16":{"type":"branch","line":129,"loc":{"start":{"line":129,"column":17},"end":{"line":131,"column":3}},"locations":[{"start":{"line":129,"column":17},"end":{"line":131,"column":3}}]},"17":{"type":"branch","line":131,"loc":{"start":{"line":131,"column":2},"end":{"line":135,"column":77}},"locations":[{"start":{"line":131,"column":2},"end":{"line":135,"column":77}}]},"18":{"type":"branch","line":135,"loc":{"start":{"line":135,"column":75},"end":{"line":162,"column":11}},"locations":[{"start":{"line":135,"column":75},"end":{"line":162,"column":11}}]},"19":{"type":"branch","line":139,"loc":{"start":{"line":139,"column":49},"end":{"line":139,"column":72}},"locations":[{"start":{"line":139,"column":49},"end":{"line":139,"column":72}}]},"20":{"type":"branch","line":162,"loc":{"start":{"line":162,"column":2},"end":{"line":170,"column":3}},"locations":[{"start":{"line":162,"column":2},"end":{"line":170,"column":3}}]},"21":{"type":"branch","line":170,"loc":{"start":{"line":170,"column":2},"end":{"line":172,"column":20}},"locations":[{"start":{"line":170,"column":2},"end":{"line":172,"column":20}}]},"22":{"type":"branch","line":172,"loc":{"start":{"line":172,"column":20},"end":{"line":179,"column":3}},"locations":[{"start":{"line":172,"column":20},"end":{"line":179,"column":3}}]},"23":{"type":"branch","line":179,"loc":{"start":{"line":179,"column":2},"end":{"line":187,"column":1}},"locations":[{"start":{"line":179,"column":2},"end":{"line":187,"column":1}}]}},"b":{"0":[2],"1":[1],"2":[0],"3":[0],"4":[6],"5":[3],"6":[4],"7":[4],"8":[4],"9":[3],"10":[1],"11":[2],"12":[0],"13":[2],"14":[0],"15":[2],"16":[0],"17":[2],"18":[1],"19":[0],"20":[0],"21":[1],"22":[0],"23":[1]},"fnMap":{"0":{"name":"getRedditToken","decl":{"start":{"line":57,"column":0},"end":{"line":87,"column":1}},"loc":{"start":{"line":57,"column":0},"end":{"line":87,"column":1}},"line":57},"1":{"name":"redditSubmit","decl":{"start":{"line":94,"column":0},"end":{"line":187,"column":1}},"loc":{"start":{"line":94,"column":0},"end":{"line":187,"column":1}},"line":94}},"f":{"0":2,"1":6}}
}
